[11/05/2011 @ 17:34:03] *** News sets new mode +xi 
[11/05/2011 @ 17:34:03] *** News sets new mode +B 
[11/05/2011 @ 17:37:07] *** News sets new mode +xi 
[11/05/2011 @ 17:37:07] *** News sets new mode +B 
[11/05/2011 @ 17:39:07] *** News sets new mode +xi 
[11/05/2011 @ 17:39:07] *** News sets new mode +B 
[11/05/2011 @ 17:55:59] *** News sets new mode +xi 
[11/05/2011 @ 17:55:59] *** News sets new mode +B 
[11/05/2011 @ 18:08:31] *** News sets new mode +xi 
[11/05/2011 @ 18:08:31] *** News sets new mode +B 
[11/05/2011 @ 18:08:54] <Giotto> !openvz list
[11/05/2011 @ 18:09:10] <Giotto> !openvz
[11/05/2011 @ 18:09:21] <Giotto> !hilfe
[11/05/2011 @ 18:09:30] <Giotto> !hilfe heise
[11/05/2011 @ 18:11:59] *** News sets new mode +xi 
[11/05/2011 @ 18:11:59] *** News sets new mode +B 
[11/05/2011 @ 18:12:17] <Giotto> !openvz
[11/05/2011 @ 18:19:35] *** News sets new mode +xi 
[11/05/2011 @ 18:19:35] *** News sets new mode +B 
[11/05/2011 @ 18:19:49] <Giotto> !openvz
[11/05/2011 @ 18:19:49] <Giotto> !ruscert
[11/05/2011 @ 18:19:54] <Giotto> !ruscert list
[11/05/2011 @ 18:20:20] <Giotto> !ruscert
[11/05/2011 @ 18:25:11] *** News sets new mode +xi 
[11/05/2011 @ 18:25:11] *** News sets new mode +B 
[11/05/2011 @ 18:25:19] <Giotto> !gulli list
[11/05/2011 @ 18:25:38] *** News sets new mode +xi 
[11/05/2011 @ 18:25:38] *** News sets new mode +B 
[11/05/2011 @ 18:25:57] <Giotto> !gulli list
[11/05/2011 @ 18:26:03] <Giotto> !gulli
[11/05/2011 @ 18:26:46] <Giotto> !openvz
[11/05/2011 @ 18:27:54] *** News sets new mode +xi 
[11/05/2011 @ 18:27:54] *** News sets new mode +B 
[11/05/2011 @ 18:28:16] <Giotto> !ruscert list
[11/05/2011 @ 18:28:18] <Giotto> !openvz list
[11/05/2011 @ 18:28:32] <Giotto> !gulli list
[11/05/2011 @ 18:28:36] <Giotto> !gulli
[11/05/2011 @ 18:30:59] *** News sets new mode +xi 
[11/05/2011 @ 18:30:59] *** News sets new mode +B 
[11/05/2011 @ 18:31:06] <Giotto> !gulli list
[11/05/2011 @ 18:32:00] <Giotto> !gulli
[11/05/2011 @ 18:32:11] <Giotto> !openvz
[11/05/2011 @ 18:32:23] <Giotto> !ruscert
[11/05/2011 @ 18:38:43] *** News sets new mode +xi 
[11/05/2011 @ 18:38:43] *** News sets new mode +B 
[11/05/2011 @ 18:38:52] <Giotto> !gbo list
[11/05/2011 @ 18:39:00] <Giotto> !gbo
[11/05/2011 @ 18:39:49] *** News sets new mode +xi 
[11/05/2011 @ 18:39:49] *** News sets new mode +B 
[11/05/2011 @ 18:39:55] <Giotto> !gbo list
[11/05/2011 @ 18:56:19] *** News sets new mode +xi 
[11/05/2011 @ 18:56:19] *** News sets new mode +B 
[11/05/2011 @ 18:56:41] <Giotto> !gbo
[11/05/2011 @ 18:56:51] <Giotto> !gbo list
[11/05/2011 @ 19:04:08] *** News sets new mode +xi 
[11/05/2011 @ 19:04:08] *** News sets new mode +B 
[11/05/2011 @ 19:04:13] <Giotto> !gbo
[11/05/2011 @ 19:04:27] *** News sets new mode +xi 
[11/05/2011 @ 19:04:27] *** News sets new mode +B 
[11/05/2011 @ 19:04:34] <Giotto> !gbo
[11/05/2011 @ 19:04:38] <Giotto> !gbo list
[11/05/2011 @ 19:06:38] *** News sets new mode +xi 
[11/05/2011 @ 19:06:38] *** News sets new mode +B 
[11/05/2011 @ 19:06:44] <Giotto> !gbo list
[11/05/2011 @ 19:07:18] <Giotto> !gbo
[11/05/2011 @ 19:07:46] *** News sets new mode +xi 
[11/05/2011 @ 19:07:46] *** News sets new mode +B 
[11/05/2011 @ 19:07:50] <Giotto> !openvz list
[11/05/2011 @ 19:08:04] <Giotto> !openvz
[11/05/2011 @ 23:53:23] *** News sets new mode +xi 
[11/05/2011 @ 23:53:23] *** News sets new mode +B 
[11/05/2011 @ 23:53:30] <Giotto> !openvz
[11/05/2011 @ 23:59:01] *** News sets new mode +xi 
[11/05/2011 @ 23:59:01] *** News sets new mode +B 
