[25/05/2011 @ 00:01:25] <Giotto> jip. reicht
[25/05/2011 @ 00:02:22] <sidekix> anope hat auch wieder umgebaut
[25/05/2011 @ 00:02:28] <sidekix> die haben nur noch 2 repos
[25/05/2011 @ 00:02:35] <sidekix> 1.8 und 1.9
[25/05/2011 @ 00:03:53] <sidekix> die logs kannst du noch loeschen mit "git rm file" im ordner logs
[25/05/2011 @ 00:04:08] <sidekix> neben dem news feed, ist das ja auch ein spybot :P
[25/05/2011 @ 00:04:57] <sidekix> https://github.com/sidekix/Staff-Chat/tree/Giotto/vbot/logs
[25/05/2011 @ 00:07:11] <Giotto> vbot@irc:~/git/Staff-Chat$ git rm -r vbot/logs
[25/05/2011 @ 00:07:11] <Giotto> rm 'vbot/logs/#news.scn_20110511.log'
[25/05/2011 @ 00:07:11] <Giotto> rm 'vbot/logs/#news.scn_20110512.log'
[25/05/2011 @ 00:07:11] <Giotto> rm 'vbot/logs/#news.scn_20110522.log'
[25/05/2011 @ 00:07:11] <Giotto> rm 'vbot/logs/#news.scn_20110523.log'
[25/05/2011 @ 00:07:12] <Giotto> rm 'vbot/logs/#news.scn_20110524.log'
[25/05/2011 @ 00:07:23] <Giotto> git ist dafür gebaut, auch verzeichnisse zu handlen ;)
[25/05/2011 @ 00:07:28] <sidekix> du machst es dir wieder sehr einfach
[25/05/2011 @ 00:07:37] <Giotto> hatte am anfang auch nur ein "git add vbot"
[25/05/2011 @ 00:07:38] <Giotto> ;)
[25/05/2011 @ 00:08:26] <Giotto> Enter passphrase for key '/home/vbot/.ssh/id_dsa': 
[25/05/2011 @ 00:08:26] <Giotto> Counting objects: 5, done.
[25/05/2011 @ 00:08:26] <Giotto> Delta compression using up to 8 threads.
[25/05/2011 @ 00:08:26] <Giotto> Compressing objects: 100% (3/3), done.
[25/05/2011 @ 00:08:26] <Giotto> Writing objects: 100% (3/3), 318 bytes, done.
[25/05/2011 @ 00:08:27] <Giotto> Total 3 (delta 2), reused 0 (delta 0)
[25/05/2011 @ 00:08:29] <Giotto> To git@github.com:sidekix/Staff-Chat.git
[25/05/2011 @ 00:08:31] <Giotto>    87e4f79..3b7e498  Giotto -> Giotto
[25/05/2011 @ 00:08:35] <Giotto>  ! [rejected]        master -> master (non-fast-forward)
[25/05/2011 @ 00:08:37] <Giotto> error: failed to push some refs to 'git@github.com:sidekix/Staff-Chat.git'
[25/05/2011 @ 00:08:39] <Giotto> To prevent you from losing history, non-fast-forward updates were rejected
[25/05/2011 @ 00:08:41] <Giotto> Merge the remote changes (e.g. 'git pull') before pushing again.  See the
[25/05/2011 @ 00:08:43] <Giotto> 'Note about fast-forwards' section of 'git push --help' for details.
[25/05/2011 @ 00:08:45] <Giotto> ist der error normal?
[25/05/2011 @ 00:09:22] <sidekix> wennman ein repo alleine hat kommt sowas nicht
[25/05/2011 @ 00:09:42] <sidekix> in den master soll ja auch nichts geschrieben werden
[25/05/2011 @ 00:09:55] <sidekix> welchen befehl hast du eingegeben ?
[25/05/2011 @ 00:10:10] <Giotto> git push Giotto
[25/05/2011 @ 00:10:21] <Giotto> wie sieht deine .git/config aus?
[25/05/2011 @ 00:10:33] <sidekix> setz mal origin da mit rein
[25/05/2011 @ 00:10:41] <sidekix> git push origin Giotto
[25/05/2011 @ 00:11:44] <sidekix> ich push so
[25/05/2011 @ 00:11:50] <sidekix> sidekix@laptop:~/michael/Staff-Chat/mIRC/services-control$ git push -u origin sidekix
[25/05/2011 @ 00:12:51] <Giotto> vbot@irc:~/git/Staff-Chat$ git push origin Giotto
[25/05/2011 @ 00:12:51] <Giotto> Enter passphrase for key '/home/vbot/.ssh/id_dsa': 
[25/05/2011 @ 00:12:51] <Giotto> Counting objects: 7, done.
[25/05/2011 @ 00:12:51] <Giotto> Delta compression using up to 8 threads.
[25/05/2011 @ 00:12:51] <Giotto> Compressing objects: 100% (4/4), done.
[25/05/2011 @ 00:12:52] <Giotto> Writing objects: 100% (4/4), 405 bytes, done.
[25/05/2011 @ 00:12:54] <Giotto> Total 4 (delta 3), reused 0 (delta 0)
[25/05/2011 @ 00:12:56] <Giotto> To git@github.com:sidekix/Staff-Chat.git
[25/05/2011 @ 00:12:58] <Giotto>    3b7e498..e5b2a1a  Giotto -> Giotto
[25/05/2011 @ 00:13:00] <Giotto> passt
[25/05/2011 @ 00:14:30] <sidekix> und master kann man ueber die hp machen -> pull anfrage
[25/05/2011 @ 00:15:03] <sidekix> aber aufpassen, dass du im richtigen brnach bist :)
[25/05/2011 @ 00:15:24] <sidekix> oben links unter "Quelltext" kann man den branch wechseln
[25/05/2011 @ 00:21:40] <sidekix> https://github.com/sidekix/Staff-Chat/network
[25/05/2011 @ 00:21:45] <sidekix> nun legst aber ein vor ...
[25/05/2011 @ 00:36:29] <Giotto> werd morgen oder so mal noch paar scripte da reinstopfen. von mir geschriebene nagios-plugins und so
[25/05/2011 @ 00:39:10] <sidekix> haben 300mb frei
[25/05/2011 @ 00:39:24] <Giotto> sollte ja passen
[25/05/2011 @ 00:39:32] <sidekix> mal ein paar kleine isos hochladen :)
[25/05/2011 @ 00:39:36] <Giotto> löl
[25/05/2011 @ 00:46:19] <Giotto> bin dann mal im bett bevor unsere netzwerker hier alles zerstören ^^
[25/05/2011 @ 00:46:28] <sidekix> k, bb
[25/05/2011 @ 03:35:57] *** sidekix has joined channel #news.scn
[25/05/2011 @ 03:36:45] *** Giotto has joined channel #news.scn
[25/05/2011 @ 03:36:45] *** ChanServ sets new mode +qo Giotto Giotto 
[25/05/2011 @ 03:43:35] *** sidekix has joined channel #news.scn
[25/05/2011 @ 03:43:35] *** Giotto has joined channel #news.scn
[25/05/2011 @ 03:51:35] *** sidekix has joined channel #news.scn
[25/05/2011 @ 03:51:35] *** Giotto has joined channel #news.scn
[25/05/2011 @ 10:38:19] <sidekix> \o/
[25/05/2011 @ 11:56:10] <sidekix> ach
[25/05/2011 @ 11:56:14] <sidekix> verdarmt -.-
[25/05/2011 @ 11:56:45] <sidekix> dachte der link kam von alleine -.-
[25/05/2011 @ 11:57:13] <sidekix> da kann man mal sehen was 4 uhr ins bett und 5:15 wieder aufstehen aus einem macht -.-
[25/05/2011 @ 11:57:45] <sidekix> !heise1
[25/05/2011 @ 12:02:22] <sidekix> ja, man muss nur wissen wie es geht *selfslap*
[25/05/2011 @ 12:02:36] <Giotto> :)
[25/05/2011 @ 12:03:09] <sidekix> !gbo list
[25/05/2011 @ 12:03:15] <sidekix> failed
[25/05/2011 @ 12:04:30] <sidekix> hm, vielleicht ist das besser als notice - um den chan nicht voll zu spam
[25/05/2011 @ 12:04:38] <sidekix> hat das teil einen spam schutz ?
[25/05/2011 @ 15:52:03] * sidekix slaps Giotto upside the head with a hammer!
[25/05/2011 @ 15:52:19] <Giotto> mh?
[25/05/2011 @ 15:52:25] <sidekix> bist nicht da, weiss ich
[25/05/2011 @ 15:52:41] <sidekix> kannst du diesen feed bitte addn:  http://feeds.feedburner.com/Apfeleimer
[25/05/2011 @ 15:54:18] <Giotto> mach ich naccher zuhause
[25/05/2011 @ 15:54:22] <Giotto> öh
[25/05/2011 @ 15:54:28] <Giotto> das wort sieht falsch aus
[25/05/2011 @ 15:54:30] <Giotto> nachher
[25/05/2011 @ 15:54:32] <Giotto> so ^^
[25/05/2011 @ 15:55:53] <sidekix> naccher ist wie figgn, habs verstanden ^^
[25/05/2011 @ 15:57:10] <sidekix> wenn du zeit und lust hast, kannst ja noch eine flood sperre einbauen
[25/05/2011 @ 15:57:24] <sidekix> hast ja gesehen das der bot sowas noch nicht hat :)
[25/05/2011 @ 16:03:02] <sidekix> hm, caschy sollte auch nicht fehlen:  http://feeds2.feedburner.com/stadt-bremerhaven/dqXM
[25/05/2011 @ 19:01:40] *** News sets new mode +xi 
[25/05/2011 @ 19:01:40] *** News sets new mode +B 
[25/05/2011 @ 19:02:10] <Giotto> !caschy list
[25/05/2011 @ 19:02:12] <Giotto> hrm
[25/05/2011 @ 19:02:17] <Giotto> !caschy
[25/05/2011 @ 19:02:24] <Giotto> irgendwas tut da nicht
[25/05/2011 @ 19:02:58] *** News sets new mode +xi 
[25/05/2011 @ 19:02:58] *** News sets new mode +B 
[25/05/2011 @ 19:05:35] <sidekix> !caschy list
[25/05/2011 @ 19:05:43] <sidekix> !caschy
[25/05/2011 @ 19:05:43] <sidekix> failed
[25/05/2011 @ 19:07:47] <Giotto> kann dieses feedburner kein einfaches xml oder rss oder atom?
[25/05/2011 @ 19:12:41] <sidekix> ka
[25/05/2011 @ 19:16:39] <Giotto> hrm. ich nehms direkt von http://stadt-bremerhaven.de/
[25/05/2011 @ 19:16:44] <Giotto> da gehts auch mit xml und so
[25/05/2011 @ 19:19:40] <sidekix> k
[25/05/2011 @ 19:23:44] <sidekix> !caschy list
[25/05/2011 @ 19:23:48] <sidekix> !caschy
[25/05/2011 @ 19:43:28] *** News sets new mode +xi 
[25/05/2011 @ 19:43:28] *** News sets new mode +B 
[25/05/2011 @ 19:45:18] <Giotto> hab für rss nur noch keine list-schleife
[25/05/2011 @ 19:45:26] <Giotto> geht bisher nur mit atom
